Using pre-set license
Built from '2020.3/staging' branch; Version is '2020.3.30f1 (1fb1bf06830e) revision 2077119'; Using compiler version '192528614'; Build Type 'Release'
OS: 'Windows 10  (10.0.19043) 64bit CoreSingleLanguage' Language: 'ru' Physical Memory: 12205 MB
BatchMode: 1, IsHumanControllingUs: 0, StartBugReporterOnCrash: 0, Is64bit: 1, IsPro: 0

COMMAND LINE ARGUMENTS:
D:\Unity\Hub\Editor\2020.3.30f1\Editor\Unity.exe
-adb2
-batchMode
-noUpm
-name
AssetImportWorker3
-projectPath
C:/Users/Гриша/Documents/GitHub/SleepyHamster2.0/Sleepy Hamster
-logFile
Logs/AssetImportWorker3.log
-srvPort
55926
Successfully changed project path to: C:/Users/Гриша/Documents/GitHub/SleepyHamster2.0/Sleepy Hamster
C:/Users/Гриша/Documents/GitHub/SleepyHamster2.0/Sleepy Hamster
Using Asset Import Pipeline V2.
Refreshing native plugins compatible for Editor in 66.64 ms, found 3 plugins.
Preloading 0 native plugins for Editor in 0.00 ms.
Initialize engine version: 2020.3.30f1 (1fb1bf06830e)
[Subsystems] Discovering subsystems at path D:/Unity/Hub/Editor/2020.3.30f1/Editor/Data/Resources/UnitySubsystems
[Subsystems] Discovering subsystems at path C:/Users/Гриша/Documents/GitHub/SleepyHamster2.0/Sleepy Hamster/Assets
GfxDevice: creating device client; threaded=0
Direct3D:
    Version:  Direct3D 11.0 [level 11.1]
    Renderer: NVIDIA GeForce GTX 950 (ID=0x1402)
    Vendor:   
    VRAM:     2007 MB
    Driver:   27.21.14.6089
Initialize mono
Mono path[0] = 'D:/Unity/Hub/Editor/2020.3.30f1/Editor/Data/Managed'
Mono path[1] = 'D:/Unity/Hub/Editor/2020.3.30f1/Editor/Data/MonoBleedingEdge/lib/mono/unityjit'
Mono config path = 'D:/Unity/Hub/Editor/2020.3.30f1/Editor/Data/MonoBleedingEdge/etc'
Using monoOptions --debugger-agent=transport=dt_socket,embedding=1,server=y,suspend=n,address=127.0.0.1:56596
Begin MonoManager ReloadAssembly
Registering precompiled unity dll's ...
Register platform support module: D:/Unity/Hub/Editor/2020.3.30f1/Editor/Data/PlaybackEngines/WindowsStandaloneSupport/UnityEditor.WindowsStandalone.Extensions.dll
Registered in 0.002991 seconds.
Native extension for WindowsStandalone target not found
Refreshing native plugins compatible for Editor in 61.40 ms, found 3 plugins.
Preloading 0 native plugins for Editor in 0.00 ms.
Mono: successfully reloaded assembly
- Completed reload, in  1.256 seconds
Domain Reload Profiling:
	ReloadAssembly (1272ms)
		BeginReloadAssembly (108ms)
			ExecutionOrderSort (0ms)
			DisableScriptedObjects (0ms)
			BackupInstance (0ms)
			ReleaseScriptingObjects (0ms)
			CreateAndSetChildDomain (1ms)
		EndReloadAssembly (1047ms)
			LoadAssemblies (91ms)
			RebuildTransferFunctionScriptingTraits (0ms)
			SetupTypeCache (209ms)
			ReleaseScriptCaches (0ms)
			RebuildScriptCaches (38ms)
			SetupLoadedEditorAssemblies (516ms)
				LogAssemblyErrors (0ms)
				InitializePlatformSupportModulesInManaged (5ms)
				SetLoadedEditorAssemblies (0ms)
				RefreshPlugins (62ms)
				BeforeProcessingInitializeOnLoad (45ms)
				ProcessInitializeOnLoadAttributes (369ms)
				ProcessInitializeOnLoadMethodAttributes (33ms)
				AfterProcessingInitializeOnLoad (0ms)
				EditorAssembliesLoaded (0ms)
			ExecutionOrderSort2 (0ms)
			AwakeInstancesAfterBackupRestoration (0ms)
Platform modules already initialized, skipping
Registering precompiled user dll's ...
Registered in 0.015374 seconds.
Begin MonoManager ReloadAssembly
Native extension for WindowsStandalone target not found
Refreshing native plugins compatible for Editor in 64.76 ms, found 3 plugins.
Preloading 0 native plugins for Editor in 0.00 ms.
Mono: successfully reloaded assembly
- Completed reload, in  3.809 seconds
Domain Reload Profiling:
	ReloadAssembly (3813ms)
		BeginReloadAssembly (214ms)
			ExecutionOrderSort (0ms)
			DisableScriptedObjects (7ms)
			BackupInstance (0ms)
			ReleaseScriptingObjects (0ms)
			CreateAndSetChildDomain (25ms)
		EndReloadAssembly (3526ms)
			LoadAssemblies (2464ms)
			RebuildTransferFunctionScriptingTraits (0ms)
			SetupTypeCache (397ms)
			ReleaseScriptCaches (0ms)
			RebuildScriptCaches (57ms)
			SetupLoadedEditorAssemblies (465ms)
				LogAssemblyErrors (0ms)
				InitializePlatformSupportModulesInManaged (4ms)
				SetLoadedEditorAssemblies (0ms)
				RefreshPlugins (66ms)
				BeforeProcessingInitializeOnLoad (109ms)
				ProcessInitializeOnLoadAttributes (252ms)
				ProcessInitializeOnLoadMethodAttributes (27ms)
				AfterProcessingInitializeOnLoad (5ms)
				EditorAssembliesLoaded (1ms)
			ExecutionOrderSort2 (0ms)
			AwakeInstancesAfterBackupRestoration (11ms)
Platform modules already initialized, skipping
========================================================================
Worker process is ready to serve import requests
Launched and connected shader compiler UnityShaderCompiler.exe after 0.33 seconds
Refreshing native plugins compatible for Editor in 0.53 ms, found 3 plugins.
Preloading 0 native plugins for Editor in 0.00 ms.
Unloading 2254 Unused Serialized files (Serialized files now loaded: 0)
System memory in use before: 99.8 MB.
System memory in use after: 99.9 MB.

Unloading 27 unused Assets to reduce memory usage. Loaded Objects now: 2696.
Total: 3.631400 ms (FindLiveObjects: 0.176900 ms CreateObjectMapping: 0.096400 ms MarkObjects: 3.227800 ms  DeleteObjects: 0.129100 ms)

AssetImportParameters requested are different than current active one (requested -> active):
  custom:framework-win-MediaFoundation: 216162199b28c13a410421893ffa2e32 -> 
  custom:video-decoder-ogg-theora: a1e56fd34408186e4bbccfd4996cb3dc -> 
  custom:container-muxer-webm: aa71ff27fc2769a1b78a27578f13a17b -> 
  custom:container-demuxer-webm: 4f35f7cbe854078d1ac9338744f61a02 -> 
  custom:container-demuxer-ogg: 62fdf1f143b41e24485cea50d1cbac27 -> 
  custom:video-encoder-webm-vp8: eb34c28f22e8b96e1ab97ce403110664 -> 
  custom:video-codec-MediaFoundation-h265: 746d11721c4dcdbdad8f713fa42b33f4 -> 
  custom:video-decoder-webm-vp8: 9c59270c3fd7afecdb556c50c9e8de78 -> 
  custom:audio-decoder-ogg-vorbis: bf7c407c2cedff20999df2af8eb42d56 -> 
  custom:audio-encoder-webm-vorbis: bf7c407c2cedff20999df2af8eb42d56 -> 
========================================================================
Received Import Request.
  path: Assets/Scripts/Rope/RopeCreator.cs
  artifactKey: Guid(5f0ee40e74997eb4fa4ad47af58de121) Importer(815301076,1909f56bfc062723c751e8b465ee728b)
Start importing Assets/Scripts/Rope/RopeCreator.cs using Guid(5f0ee40e74997eb4fa4ad47af58de121) Importer(815301076,1909f56bfc062723c751e8b465ee728b)  -> (artifact id: 'b2c5f4756b7d1207e1badc009e39e840') in 0.163927 seconds 
========================================================================
Received Import Request.
  Time since last request: 0.001563 seconds.
  path: Assets/Scripts/Rope
  artifactKey: Guid(1d7e59c15880c4c479f309f368320ab9) Importer(815301076,1909f56bfc062723c751e8b465ee728b)
Start importing Assets/Scripts/Rope using Guid(1d7e59c15880c4c479f309f368320ab9) Importer(815301076,1909f56bfc062723c751e8b465ee728b)  -> (artifact id: 'fec66cf4503c5b3e3c8714d9db703605') in 0.068418 seconds 
========================================================================
Received Import Request.
  Time since last request: 132.275609 seconds.
  path: Assets/Prefabs/Cursor.prefab
  artifactKey: Guid(894cd656911121c49b8dd2feda972add) Importer(815301076,1909f56bfc062723c751e8b465ee728b)
Start importing Assets/Prefabs/Cursor.prefab using Guid(894cd656911121c49b8dd2feda972add) Importer(815301076,1909f56bfc062723c751e8b465ee728b)  -> (artifact id: 'b990953b0f9bdf8f7ddd5e46c15e15d1') in 0.285125 seconds 
========================================================================
Received Import Request.
  Time since last request: 0.002077 seconds.
  path: Assets/Prefabs/LevelBorders.prefab
  artifactKey: Guid(ef0a5994b9d6dab42913c44634980273) Importer(815301076,1909f56bfc062723c751e8b465ee728b)
Start importing Assets/Prefabs/LevelBorders.prefab using Guid(ef0a5994b9d6dab42913c44634980273) Importer(815301076,1909f56bfc062723c751e8b465ee728b)  -> (artifact id: '82458b77c689c6cb30804471798ee080') in 0.041194 seconds 
========================================================================
Received Import Request.
  Time since last request: 0.001837 seconds.
  path: Assets/Prefabs/SaveLevelData.prefab
  artifactKey: Guid(3799559c86e9d214792410a725f29895) Importer(815301076,1909f56bfc062723c751e8b465ee728b)
Start importing Assets/Prefabs/SaveLevelData.prefab using Guid(3799559c86e9d214792410a725f29895) Importer(815301076,1909f56bfc062723c751e8b465ee728b)  -> (artifact id: '434b5ea96b3c03e5b652e926dee5ad07') in 0.031692 seconds 
========================================================================
Received Import Request.
  Time since last request: 0.001661 seconds.
  path: Assets/Prefabs/StarsDestroyParticle.prefab
  artifactKey: Guid(e369f8e0895b0ed42ab7de1626a99054) Importer(815301076,1909f56bfc062723c751e8b465ee728b)
Start importing Assets/Prefabs/StarsDestroyParticle.prefab using Guid(e369f8e0895b0ed42ab7de1626a99054) Importer(815301076,1909f56bfc062723c751e8b465ee728b)  -> (artifact id: '35da3dbad1636ab81f14c884ec8cbcb3') in 0.039832 seconds 
========================================================================
Received Import Request.
  Time since last request: 26.719804 seconds.
  path: Assets/Prefabs/Level/GameObjects/Pot.prefab
  artifactKey: Guid(2ac9e68674022864baf6e9febd5ff30e) Importer(815301076,1909f56bfc062723c751e8b465ee728b)
Start importing Assets/Prefabs/Level/GameObjects/Pot.prefab using Guid(2ac9e68674022864baf6e9febd5ff30e) Importer(815301076,1909f56bfc062723c751e8b465ee728b)  -> (artifact id: '8ebb582c0526bdcd8e09c6f58adc5630') in 0.061415 seconds 
========================================================================
Received Import Request.
  Time since last request: 51.335798 seconds.
  path: Assets/Prefabs/Level/GameObjects/Link .prefab
  artifactKey: Guid(c3eb716d7006a08428f8e57fb8d078b0) Importer(815301076,1909f56bfc062723c751e8b465ee728b)
Start importing Assets/Prefabs/Level/GameObjects/Link .prefab using Guid(c3eb716d7006a08428f8e57fb8d078b0) Importer(815301076,1909f56bfc062723c751e8b465ee728b)  -> (artifact id: '0a16c1bbf732076a8f65275b9cff30e8') in 0.043739 seconds 
========================================================================
Received Import Request.
  Time since last request: 128.591919 seconds.
  path: Assets/Prefabs/Level/GameObjects/Link .prefab
  artifactKey: Guid(c3eb716d7006a08428f8e57fb8d078b0) Importer(815301076,1909f56bfc062723c751e8b465ee728b)
Start importing Assets/Prefabs/Level/GameObjects/Link .prefab using Guid(c3eb716d7006a08428f8e57fb8d078b0) Importer(815301076,1909f56bfc062723c751e8b465ee728b)  -> (artifact id: '586844083b1ab62e0ce50e5a337f8b53') in 0.052549 seconds 
